<?xml version='1.1' encoding='UTF-8'?>
<result plugin="junit@1.28">
  <suites>
    <suite>
      <file>/var/lib/jenkins/workspace/check-api.fdn.com/fdn.restassured.com/target/surefire-reports/TEST-TestSuite.xml</file>
      <name>TestSuite</name>
      <duration>18.079</duration>
      <time>18.079</time>
      <enclosingBlocks/>
      <enclosingBlockNames/>
      <cases>
        <case>
          <duration>2.323</duration>
          <className>test.tc_get.get_blogarticle</className>
          <testName>getblogarticle</testName>
          <skipped>false</skipped>
          <failedSince>0</failedSince>
        </case>
        <case>
          <duration>0.136</duration>
          <className>test.tc_get.get_commentpost_web</className>
          <testName>getcommentpost_web</testName>
          <skipped>false</skipped>
          <failedSince>0</failedSince>
        </case>
        <case>
          <duration>0.111</duration>
          <className>test.tc_get.get_commentreview_web</className>
          <testName>getcommentpost_web</testName>
          <skipped>false</skipped>
          <failedSince>0</failedSince>
        </case>
        <case>
          <duration>0.756</duration>
          <className>test.tc_get.get_feed_apps</className>
          <testName>getfeed_web</testName>
          <skipped>false</skipped>
          <failedSince>0</failedSince>
        </case>
        <case>
          <duration>1.127</duration>
          <className>test.tc_get.get_feed_web</className>
          <testName>getfeed_web</testName>
          <skipped>false</skipped>
          <failedSince>0</failedSince>
        </case>
        <case>
          <duration>0.128</duration>
          <className>test.tc_get.get_feeddetail_web</className>
          <testName>getfeeddetail_web</testName>
          <skipped>false</skipped>
          <failedSince>0</failedSince>
        </case>
        <case>
          <duration>0.713</duration>
          <className>test.tc_get.get_feedreport</className>
          <testName>getfeed_web</testName>
          <skipped>false</skipped>
          <failedSince>0</failedSince>
        </case>
        <case>
          <duration>0.158</duration>
          <className>test.tc_get.get_follower_web</className>
          <testName>getfollower_web</testName>
          <skipped>false</skipped>
          <failedSince>0</failedSince>
        </case>
        <case>
          <duration>0.122</duration>
          <className>test.tc_get.get_following_web</className>
          <testName>getfollowing_web</testName>
          <skipped>false</skipped>
          <failedSince>0</failedSince>
        </case>
        <case>
          <duration>0.161</duration>
          <className>test.tc_get.get_newestreview</className>
          <testName>getnewestreview_web</testName>
          <skipped>false</skipped>
          <failedSince>0</failedSince>
        </case>
        <case>
          <duration>0.081</duration>
          <className>test.tc_get.get_notifcount</className>
          <testName>getnotifpage_web</testName>
          <skipped>false</skipped>
          <failedSince>0</failedSince>
        </case>
        <case>
          <duration>0.512</duration>
          <className>test.tc_get.get_notifpage</className>
          <testName>getnotifpage_web</testName>
          <skipped>false</skipped>
          <failedSince>0</failedSince>
        </case>
        <case>
          <duration>0.151</duration>
          <className>test.tc_get.get_postdetail</className>
          <testName>getnotifpage_web</testName>
          <skipped>false</skipped>
          <failedSince>0</failedSince>
        </case>
        <case>
          <duration>0.166</duration>
          <className>test.tc_get.get_productdetail_web</className>
          <testName>getproductdetail_web</testName>
          <skipped>false</skipped>
          <failedSince>0</failedSince>
        </case>
        <case>
          <duration>0.299</duration>
          <className>test.tc_get.get_productlist_web</className>
          <testName>getproductlist_web</testName>
          <skipped>false</skipped>
          <failedSince>0</failedSince>
        </case>
        <case>
          <duration>0.316</duration>
          <className>test.tc_get.get_productmatches_apps</className>
          <testName>getproductmatches_apps</testName>
          <skipped>false</skipped>
          <failedSince>0</failedSince>
        </case>
        <case>
          <duration>0.166</duration>
          <className>test.tc_get.get_products_web</className>
          <testName>getproducts_web</testName>
          <skipped>false</skipped>
          <failedSince>0</failedSince>
        </case>
        <case>
          <duration>0.175</duration>
          <className>test.tc_get.get_productsimilar</className>
          <testName>getproductsimilar_apps</testName>
          <skipped>false</skipped>
          <failedSince>0</failedSince>
        </case>
        <case>
          <duration>0.087</duration>
          <className>test.tc_get.get_productssimilar_web</className>
          <testName>getproductssimilar_web</testName>
          <skipped>false</skipped>
          <failedSince>0</failedSince>
        </case>
        <case>
          <duration>0.089</duration>
          <className>test.tc_get.get_reviewdetail_web</className>
          <testName>getreviewdetail_web</testName>
          <skipped>false</skipped>
          <failedSince>0</failedSince>
        </case>
        <case>
          <duration>0.154</duration>
          <className>test.tc_get.get_reviewlist_web</className>
          <testName>getreview_web</testName>
          <skipped>false</skipped>
          <failedSince>0</failedSince>
        </case>
        <case>
          <duration>0.303</duration>
          <className>test.tc_get.get_suggestedEnthusiastUserid</className>
          <testName>get_suggestedEnthusiastUserid</testName>
          <skipped>false</skipped>
          <failedSince>0</failedSince>
        </case>
        <case>
          <duration>0.774</duration>
          <className>test.tc_get.get_userbrand</className>
          <testName>getuserbrand</testName>
          <skipped>false</skipped>
          <failedSince>0</failedSince>
        </case>
        <case>
          <duration>0.0</duration>
          <className>test.tc_get.get_userfeed</className>
          <testName>getuserfeed</testName>
          <skipped>false</skipped>
          <failedSince>0</failedSince>
        </case>
        <case>
          <duration>0.142</duration>
          <className>test.tc_get.get_userpredifined</className>
          <testName>getuserpredefined_web</testName>
          <skipped>false</skipped>
          <failedSince>0</failedSince>
        </case>
        <case>
          <duration>0.117</duration>
          <className>test.tc_get.get_productsearch_apps</className>
          <testName>getproductsearch_apps</testName>
          <skipped>false</skipped>
          <failedSince>0</failedSince>
        </case>
        <case>
          <duration>0.148</duration>
          <className>test.tc_get.get_productsearch_web</className>
          <testName>getproductsearch_web</testName>
          <skipped>false</skipped>
          <failedSince>0</failedSince>
        </case>
        <case>
          <duration>0.28</duration>
          <className>test.tc_get.get_editorchoice_web</className>
          <testName>geteditorchoice_web</testName>
          <skipped>false</skipped>
          <failedSince>0</failedSince>
        </case>
        <case>
          <duration>0.102</duration>
          <className>test.tc_get.get_userProfile_apps</className>
          <testName>run_post_login</testName>
          <skipped>false</skipped>
          <failedSince>0</failedSince>
        </case>
        <case>
          <duration>0.146</duration>
          <className>test.tc_get.get_userProfile_apps</className>
          <testName>getuserprofile_apps</testName>
          <skipped>false</skipped>
          <failedSince>0</failedSince>
        </case>
        <case>
          <duration>0.124</duration>
          <className>test.tc_post.post_addproduct</className>
          <testName>run_add_product</testName>
          <skipped>false</skipped>
          <failedSince>0</failedSince>
        </case>
        <case>
          <duration>0.068</duration>
          <className>test.tc_post.post_addreview_web</className>
          <testName>postaddreview_web</testName>
          <skipped>false</skipped>
          <failedSince>0</failedSince>
        </case>
        <case>
          <duration>0.056</duration>
          <className>test.tc_post.post_forgetpassword_apps</className>
          <testName>runpostlogin_web</testName>
          <skipped>false</skipped>
          <failedSince>0</failedSince>
        </case>
        <case>
          <duration>0.067</duration>
          <className>test.tc_post.post_forgetpassword_web</className>
          <testName>runpostlogin_web</testName>
          <skipped>false</skipped>
          <failedSince>0</failedSince>
        </case>
        <case>
          <duration>0.08</duration>
          <className>test.tc_post.post_likepost_web</className>
          <testName>postlikepost_web</testName>
          <skipped>false</skipped>
          <failedSince>0</failedSince>
        </case>
        <case>
          <duration>0.085</duration>
          <className>test.tc_post.post_likereview_apps</className>
          <testName>postlikereview_apps</testName>
          <skipped>false</skipped>
          <failedSince>0</failedSince>
        </case>
        <case>
          <duration>0.08</duration>
          <className>test.tc_post.post_likereview_web</className>
          <testName>postlikereview_apps</testName>
          <skipped>false</skipped>
          <failedSince>0</failedSince>
        </case>
        <case>
          <duration>0.074</duration>
          <className>test.tc_post.post_login_apps</className>
          <testName>runpostlogin_apps</testName>
          <skipped>false</skipped>
          <failedSince>0</failedSince>
        </case>
        <case>
          <duration>0.066</duration>
          <className>test.tc_post.post_login_web</className>
          <testName>runpostlogin_web</testName>
          <skipped>false</skipped>
          <failedSince>0</failedSince>
        </case>
        <case>
          <duration>0.072</duration>
          <className>test.tc_post.post_usercommentpost_web</className>
          <testName>postusercommentpost_web</testName>
          <skipped>false</skipped>
          <failedSince>0</failedSince>
        </case>
        <case>
          <duration>0.068</duration>
          <className>test.tc_post.post_userpost_apps</className>
          <testName>postuserpost_apps</testName>
          <skipped>false</skipped>
          <failedSince>0</failedSince>
        </case>
        <case>
          <duration>0.072</duration>
          <className>test.tc_post.post_userposttagging_apps</className>
          <testName>postuserposttagging_apps</testName>
          <skipped>false</skipped>
          <failedSince>0</failedSince>
        </case>
        <case>
          <duration>0.065</duration>
          <className>test.tc_post.post_discover_apps</className>
          <testName>postdiscover_apps</testName>
          <skipped>false</skipped>
          <failedSince>0</failedSince>
        </case>
        <case>
          <duration>0.079</duration>
          <className>test.tc_post.post_followsuggested_web</className>
          <testName>run_post_login</testName>
          <skipped>false</skipped>
          <failedSince>0</failedSince>
        </case>
        <case>
          <duration>0.074</duration>
          <className>test.tc_post.post_followuser_apps</className>
          <testName>postfollowuser_apps</testName>
          <skipped>false</skipped>
          <failedSince>0</failedSince>
        </case>
        <case>
          <duration>0.065</duration>
          <className>test.tc_post.post_followuser_web</className>
          <testName>postfollowuser_web</testName>
          <skipped>false</skipped>
          <failedSince>0</failedSince>
        </case>
        <case>
          <duration>0.07</duration>
          <className>test.tc_post.post_followusers_apps</className>
          <testName>postfollowusers_apps</testName>
          <skipped>false</skipped>
          <failedSince>0</failedSince>
        </case>
        <case>
          <duration>0.067</duration>
          <className>test.tc_post.post_likepost_apps</className>
          <testName>runpostlogin_apps</testName>
          <skipped>false</skipped>
          <failedSince>0</failedSince>
        </case>
        <case>
          <duration>0.065</duration>
          <className>test.tc_post.post_register_apps</className>
          <testName>run_post_register</testName>
          <skipped>false</skipped>
          <failedSince>0</failedSince>
        </case>
        <case>
          <duration>0.064</duration>
          <className>test.tc_post.post_register_web</className>
          <testName>run_post_register</testName>
          <skipped>false</skipped>
          <failedSince>0</failedSince>
        </case>
        <case>
          <duration>0.073</duration>
          <className>test.tc_post.post_usercommentreview_web</className>
          <testName>runpostlogin_web</testName>
          <skipped>false</skipped>
          <failedSince>0</failedSince>
        </case>
        <case>
          <duration>0.073</duration>
          <className>test.tc_post.post_followsuggested_web</className>
          <testName>postfollowsuggested_web</testName>
          <skipped>false</skipped>
          <failedSince>0</failedSince>
        </case>
        <case>
          <duration>0.083</duration>
          <className>test.tc_post.post_likepost_apps</className>
          <testName>postlikepost_apps</testName>
          <skipped>false</skipped>
          <failedSince>0</failedSince>
        </case>
        <case>
          <duration>0.124</duration>
          <className>test.tc_post.post_register_apps</className>
          <testName>getuserprofile_apps</testName>
          <skipped>false</skipped>
          <failedSince>0</failedSince>
        </case>
        <case>
          <duration>0.142</duration>
          <className>test.tc_post.post_register_web</className>
          <testName>getuserprofile_web</testName>
          <skipped>false</skipped>
          <failedSince>0</failedSince>
        </case>
        <case>
          <duration>0.057</duration>
          <className>test.tc_post.post_usercommentreview_web</className>
          <testName>postusercommentreview_web</testName>
          <skipped>false</skipped>
          <failedSince>0</failedSince>
        </case>
        <case>
          <duration>1.505</duration>
          <className>test.tc_put.put_profileinfo_web</className>
          <testName>putprofileinfo_web</testName>
          <skipped>false</skipped>
          <failedSince>0</failedSince>
        </case>
        <case>
          <duration>1.05</duration>
          <className>test.tc_put.put_profileinfo_apps</className>
          <testName>putprofileinfo_apps</testName>
          <skipped>false</skipped>
          <failedSince>0</failedSince>
        </case>
        <case>
          <duration>0.09</duration>
          <className>test.tc_put.put_profilecomplete_apps</className>
          <testName>runpostlogin_apps</testName>
          <skipped>false</skipped>
          <failedSince>0</failedSince>
        </case>
        <case>
          <duration>0.077</duration>
          <className>test.tc_put.put_profilecomplete_web</className>
          <testName>runpostlogin_web</testName>
          <skipped>false</skipped>
          <failedSince>0</failedSince>
        </case>
        <case>
          <duration>0.074</duration>
          <className>test.tc_put.put_userpost_apps</className>
          <testName>runpostlogin_apps</testName>
          <skipped>false</skipped>
          <failedSince>0</failedSince>
        </case>
        <case>
          <duration>0.074</duration>
          <className>test.tc_put.put_userreview_apps</className>
          <testName>runpostlogin_apps</testName>
          <skipped>false</skipped>
          <failedSince>0</failedSince>
        </case>
        <case>
          <duration>0.067</duration>
          <className>test.tc_put.put_userreview_web</className>
          <testName>runpostlogin_apps</testName>
          <skipped>false</skipped>
          <failedSince>0</failedSince>
        </case>
        <case>
          <duration>0.278</duration>
          <className>test.tc_put.put_profilecomplete_apps</className>
          <testName>putprofilecomplete_apps</testName>
          <skipped>false</skipped>
          <failedSince>0</failedSince>
        </case>
        <case>
          <duration>0.218</duration>
          <className>test.tc_put.put_profilecomplete_web</className>
          <testName>putprofilecomplete_web</testName>
          <skipped>false</skipped>
          <failedSince>0</failedSince>
        </case>
        <case>
          <duration>0.064</duration>
          <className>test.tc_put.put_userpost_apps</className>
          <testName>putuserpost_apps</testName>
          <skipped>false</skipped>
          <failedSince>0</failedSince>
        </case>
        <case>
          <duration>0.094</duration>
          <className>test.tc_put.put_userreview_apps</className>
          <testName>putuserreview_apps</testName>
          <skipped>false</skipped>
          <failedSince>0</failedSince>
        </case>
        <case>
          <duration>0.094</duration>
          <className>test.tc_put.put_userreview_web</className>
          <testName>putuserreview_apps</testName>
          <skipped>false</skipped>
          <failedSince>0</failedSince>
        </case>
        <case>
          <duration>0.086</duration>
          <className>test.tc_talk_get.get_popularGroup</className>
          <testName>getpopularGroup</testName>
          <skipped>false</skipped>
          <failedSince>0</failedSince>
        </case>
      </cases>
    </suite>
  </suites>
  <duration>18.079</duration>
  <keepLongStdio>false</keepLongStdio>
</result>