<?xml version='1.1' encoding='UTF-8'?>
<result plugin="junit@1.28">
  <suites>
    <suite>
      <file>/var/lib/jenkins/workspace/check-api.fdn.com/fdn.restassured.com/target/surefire-reports/TEST-TestSuite.xml</file>
      <name>TestSuite</name>
      <duration>17.153</duration>
      <time>17.153</time>
      <enclosingBlocks/>
      <enclosingBlockNames/>
      <cases>
        <case>
          <duration>2.245</duration>
          <className>test.TalkRoundup.get_beautyroundup</className>
          <testName>getbeautyroundup</testName>
          <skipped>false</skipped>
          <failedSince>0</failedSince>
        </case>
        <case>
          <duration>0.332</duration>
          <className>test.TcGet.get_blogarticle</className>
          <testName>getblogarticle</testName>
          <skipped>false</skipped>
          <failedSince>0</failedSince>
        </case>
        <case>
          <duration>0.134</duration>
          <className>test.TcGet.get_commentpost_web</className>
          <testName>getcommentpost_web</testName>
          <skipped>false</skipped>
          <failedSince>0</failedSince>
        </case>
        <case>
          <duration>0.118</duration>
          <className>test.TcGet.get_commentreview_web</className>
          <testName>getcommentpost_web</testName>
          <skipped>false</skipped>
          <failedSince>0</failedSince>
        </case>
        <case>
          <duration>0.764</duration>
          <className>test.TcGet.get_feed_apps</className>
          <testName>getfeed_web</testName>
          <skipped>false</skipped>
          <failedSince>0</failedSince>
        </case>
        <case>
          <duration>0.813</duration>
          <className>test.TcGet.get_feed_web</className>
          <testName>getfeed_web</testName>
          <skipped>false</skipped>
          <failedSince>0</failedSince>
        </case>
        <case>
          <duration>0.115</duration>
          <className>test.TcGet.get_feeddetail_web</className>
          <testName>getfeeddetail_web</testName>
          <skipped>false</skipped>
          <failedSince>0</failedSince>
        </case>
        <case>
          <duration>0.737</duration>
          <className>test.TcGet.get_feedreport</className>
          <testName>getfeed_web</testName>
          <skipped>false</skipped>
          <failedSince>0</failedSince>
        </case>
        <case>
          <duration>0.166</duration>
          <className>test.TcGet.get_follower_web</className>
          <testName>getfollower_web</testName>
          <skipped>false</skipped>
          <failedSince>0</failedSince>
        </case>
        <case>
          <duration>0.192</duration>
          <className>test.TcGet.get_following_web</className>
          <testName>getfollowing_web</testName>
          <skipped>false</skipped>
          <failedSince>0</failedSince>
        </case>
        <case>
          <duration>0.294</duration>
          <className>test.TcGet.get_newestreview</className>
          <testName>getnewestreview_web</testName>
          <skipped>false</skipped>
          <failedSince>0</failedSince>
        </case>
        <case>
          <duration>0.184</duration>
          <className>test.TcGet.get_notifcount</className>
          <testName>getnotifpage_web</testName>
          <skipped>false</skipped>
          <failedSince>0</failedSince>
        </case>
        <case>
          <duration>0.558</duration>
          <className>test.TcGet.get_notifpage</className>
          <testName>getnotifpage_web</testName>
          <skipped>false</skipped>
          <failedSince>0</failedSince>
        </case>
        <case>
          <duration>0.091</duration>
          <className>test.TcGet.get_postdetail</className>
          <testName>getnotifpage_web</testName>
          <skipped>false</skipped>
          <failedSince>0</failedSince>
        </case>
        <case>
          <duration>0.105</duration>
          <className>test.TcGet.get_productdetail_web</className>
          <testName>getproductdetail_web</testName>
          <skipped>false</skipped>
          <failedSince>0</failedSince>
        </case>
        <case>
          <duration>0.282</duration>
          <className>test.TcGet.get_productlist_web</className>
          <testName>getproductlist_web</testName>
          <skipped>false</skipped>
          <failedSince>0</failedSince>
        </case>
        <case>
          <duration>0.16</duration>
          <className>test.TcGet.get_productmatches_apps</className>
          <testName>getproductmatches_apps</testName>
          <skipped>false</skipped>
          <failedSince>0</failedSince>
        </case>
        <case>
          <duration>0.189</duration>
          <className>test.TcGet.get_products_web</className>
          <testName>getproducts_web</testName>
          <skipped>false</skipped>
          <failedSince>0</failedSince>
        </case>
        <case>
          <duration>0.088</duration>
          <className>test.TcGet.get_productsimilar</className>
          <testName>getproductsimilar_apps</testName>
          <skipped>false</skipped>
          <failedSince>0</failedSince>
        </case>
        <case>
          <duration>0.125</duration>
          <className>test.TcGet.get_productssimilar_web</className>
          <testName>getproductssimilar_web</testName>
          <skipped>false</skipped>
          <failedSince>0</failedSince>
        </case>
        <case>
          <duration>0.096</duration>
          <className>test.TcGet.get_reviewdetail_web</className>
          <testName>getreviewdetail_web</testName>
          <skipped>false</skipped>
          <failedSince>0</failedSince>
        </case>
        <case>
          <duration>0.163</duration>
          <className>test.TcGet.get_reviewlist_web</className>
          <testName>getreview_web</testName>
          <skipped>false</skipped>
          <failedSince>0</failedSince>
        </case>
        <case>
          <duration>0.127</duration>
          <className>test.TcGet.get_suggestedEnthusiastUserid</className>
          <testName>get_suggestedEnthusiastUserid</testName>
          <skipped>false</skipped>
          <failedSince>0</failedSince>
        </case>
        <case>
          <duration>0.71</duration>
          <className>test.TcGet.get_userbrand</className>
          <testName>getuserbrand</testName>
          <skipped>false</skipped>
          <failedSince>0</failedSince>
        </case>
        <case>
          <duration>0.001</duration>
          <className>test.TcGet.get_userfeed</className>
          <testName>getuserfeed</testName>
          <skipped>false</skipped>
          <failedSince>0</failedSince>
        </case>
        <case>
          <duration>0.103</duration>
          <className>test.TcGet.get_userpredifined</className>
          <testName>getuserpredefined_web</testName>
          <skipped>false</skipped>
          <failedSince>0</failedSince>
        </case>
        <case>
          <duration>0.08</duration>
          <className>test.TcGet.get_productsearch_apps</className>
          <testName>getproductsearch_apps</testName>
          <skipped>false</skipped>
          <failedSince>0</failedSince>
        </case>
        <case>
          <duration>0.151</duration>
          <className>test.TcGet.get_productsearch_web</className>
          <testName>getproductsearch_web</testName>
          <skipped>false</skipped>
          <failedSince>0</failedSince>
        </case>
        <case>
          <duration>0.243</duration>
          <className>test.TcGet.get_editorchoice_web</className>
          <testName>geteditorchoice_web</testName>
          <skipped>false</skipped>
          <failedSince>0</failedSince>
        </case>
        <case>
          <duration>0.095</duration>
          <className>test.TcGet.get_userProfile_apps</className>
          <testName>run_post_login</testName>
          <skipped>false</skipped>
          <failedSince>0</failedSince>
        </case>
        <case>
          <duration>0.139</duration>
          <className>test.TcGet.get_userProfile_apps</className>
          <testName>getuserprofile_apps</testName>
          <skipped>false</skipped>
          <failedSince>0</failedSince>
        </case>
        <case>
          <duration>0.126</duration>
          <className>test.TcPost.post_addproduct</className>
          <testName>run_add_product</testName>
          <skipped>false</skipped>
          <failedSince>0</failedSince>
        </case>
        <case>
          <duration>0.081</duration>
          <className>test.TcPost.post_addreview_web</className>
          <testName>postaddreview_web</testName>
          <skipped>false</skipped>
          <failedSince>0</failedSince>
        </case>
        <case>
          <duration>0.055</duration>
          <className>test.TcPost.post_forgetpassword_apps</className>
          <testName>runpostlogin_web</testName>
          <skipped>false</skipped>
          <failedSince>0</failedSince>
        </case>
        <case>
          <duration>0.06</duration>
          <className>test.TcPost.post_forgetpassword_web</className>
          <testName>runpostlogin_web</testName>
          <skipped>false</skipped>
          <failedSince>0</failedSince>
        </case>
        <case>
          <duration>0.073</duration>
          <className>test.TcPost.post_likepost_web</className>
          <testName>postlikepost_web</testName>
          <skipped>false</skipped>
          <failedSince>0</failedSince>
        </case>
        <case>
          <duration>0.09</duration>
          <className>test.TcPost.post_likereview_apps</className>
          <testName>postlikereview_apps</testName>
          <skipped>false</skipped>
          <failedSince>0</failedSince>
        </case>
        <case>
          <duration>0.089</duration>
          <className>test.TcPost.post_likereview_web</className>
          <testName>postlikereview_apps</testName>
          <skipped>false</skipped>
          <failedSince>0</failedSince>
        </case>
        <case>
          <duration>0.094</duration>
          <className>test.TcPost.post_login_apps</className>
          <testName>runpostlogin_apps</testName>
          <skipped>false</skipped>
          <failedSince>0</failedSince>
        </case>
        <case>
          <duration>0.073</duration>
          <className>test.TcPost.post_login_web</className>
          <testName>runpostlogin_web</testName>
          <skipped>false</skipped>
          <failedSince>0</failedSince>
        </case>
        <case>
          <duration>0.066</duration>
          <className>test.TcPost.post_usercommentpost_web</className>
          <testName>postusercommentpost_web</testName>
          <skipped>false</skipped>
          <failedSince>0</failedSince>
        </case>
        <case>
          <duration>0.076</duration>
          <className>test.TcPost.post_userpost_apps</className>
          <testName>postuserpost_apps</testName>
          <skipped>false</skipped>
          <failedSince>0</failedSince>
        </case>
        <case>
          <duration>0.074</duration>
          <className>test.TcPost.post_userposttagging_apps</className>
          <testName>postuserposttagging_apps</testName>
          <skipped>false</skipped>
          <failedSince>0</failedSince>
        </case>
        <case>
          <duration>0.069</duration>
          <className>test.TcPost.post_discover_apps</className>
          <testName>postdiscover_apps</testName>
          <skipped>false</skipped>
          <failedSince>0</failedSince>
        </case>
        <case>
          <duration>0.062</duration>
          <className>test.TcPost.post_followsuggested_web</className>
          <testName>run_post_login</testName>
          <skipped>false</skipped>
          <failedSince>0</failedSince>
        </case>
        <case>
          <duration>0.068</duration>
          <className>test.TcPost.post_followuser_apps</className>
          <testName>postfollowuser_apps</testName>
          <skipped>false</skipped>
          <failedSince>0</failedSince>
        </case>
        <case>
          <duration>0.065</duration>
          <className>test.TcPost.post_followuser_web</className>
          <testName>postfollowuser_web</testName>
          <skipped>false</skipped>
          <failedSince>0</failedSince>
        </case>
        <case>
          <duration>0.065</duration>
          <className>test.TcPost.post_followusers_apps</className>
          <testName>postfollowusers_apps</testName>
          <skipped>false</skipped>
          <failedSince>0</failedSince>
        </case>
        <case>
          <duration>0.065</duration>
          <className>test.TcPost.post_likepost_apps</className>
          <testName>runpostlogin_apps</testName>
          <skipped>false</skipped>
          <failedSince>0</failedSince>
        </case>
        <case>
          <duration>0.064</duration>
          <className>test.TcPost.post_register_apps</className>
          <testName>run_post_register</testName>
          <skipped>false</skipped>
          <failedSince>0</failedSince>
        </case>
        <case>
          <duration>0.064</duration>
          <className>test.TcPost.post_register_web</className>
          <testName>run_post_register</testName>
          <skipped>false</skipped>
          <failedSince>0</failedSince>
        </case>
        <case>
          <duration>0.078</duration>
          <className>test.TcPost.post_usercommentreview_web</className>
          <testName>runpostlogin_web</testName>
          <skipped>false</skipped>
          <failedSince>0</failedSince>
        </case>
        <case>
          <duration>0.074</duration>
          <className>test.TcPost.post_followsuggested_web</className>
          <testName>postfollowsuggested_web</testName>
          <skipped>false</skipped>
          <failedSince>0</failedSince>
        </case>
        <case>
          <duration>0.084</duration>
          <className>test.TcPost.post_likepost_apps</className>
          <testName>postlikepost_apps</testName>
          <skipped>false</skipped>
          <failedSince>0</failedSince>
        </case>
        <case>
          <duration>0.115</duration>
          <className>test.TcPost.post_register_apps</className>
          <testName>getuserprofile_apps</testName>
          <skipped>false</skipped>
          <failedSince>0</failedSince>
        </case>
        <case>
          <duration>0.118</duration>
          <className>test.TcPost.post_register_web</className>
          <testName>getuserprofile_web</testName>
          <skipped>false</skipped>
          <failedSince>0</failedSince>
        </case>
        <case>
          <duration>0.063</duration>
          <className>test.TcPost.post_usercommentreview_web</className>
          <testName>postusercommentreview_web</testName>
          <skipped>false</skipped>
          <failedSince>0</failedSince>
        </case>
        <case>
          <duration>1.026</duration>
          <className>test.TcPut.put_profileinfo_web</className>
          <testName>putprofileinfo_web</testName>
          <skipped>false</skipped>
          <failedSince>0</failedSince>
        </case>
        <case>
          <duration>1.054</duration>
          <className>test.TcPut.put_profileinfo_apps</className>
          <testName>putprofileinfo_apps</testName>
          <skipped>false</skipped>
          <failedSince>0</failedSince>
        </case>
        <case>
          <duration>0.09</duration>
          <className>test.TcPut.put_profilecomplete_apps</className>
          <testName>runpostlogin_apps</testName>
          <skipped>false</skipped>
          <failedSince>0</failedSince>
        </case>
        <case>
          <duration>0.109</duration>
          <className>test.TcPut.put_profilecomplete_web</className>
          <testName>runpostlogin_web</testName>
          <skipped>false</skipped>
          <failedSince>0</failedSince>
        </case>
        <case>
          <duration>0.124</duration>
          <className>test.TcPut.put_userpost_apps</className>
          <testName>runpostlogin_apps</testName>
          <skipped>false</skipped>
          <failedSince>0</failedSince>
        </case>
        <case>
          <duration>0.079</duration>
          <className>test.TcPut.put_userreview_apps</className>
          <testName>runpostlogin_apps</testName>
          <skipped>false</skipped>
          <failedSince>0</failedSince>
        </case>
        <case>
          <duration>0.08</duration>
          <className>test.TcPut.put_userreview_web</className>
          <testName>runpostlogin_apps</testName>
          <skipped>false</skipped>
          <failedSince>0</failedSince>
        </case>
        <case>
          <duration>0.215</duration>
          <className>test.TcPut.put_profilecomplete_apps</className>
          <testName>putprofilecomplete_apps</testName>
          <skipped>false</skipped>
          <failedSince>0</failedSince>
        </case>
        <case>
          <duration>0.233</duration>
          <className>test.TcPut.put_profilecomplete_web</className>
          <testName>putprofilecomplete_web</testName>
          <skipped>false</skipped>
          <failedSince>0</failedSince>
        </case>
        <case>
          <duration>0.078</duration>
          <className>test.TcPut.put_userpost_apps</className>
          <testName>putuserpost_apps</testName>
          <skipped>false</skipped>
          <failedSince>0</failedSince>
        </case>
        <case>
          <duration>0.102</duration>
          <className>test.TcPut.put_userreview_apps</className>
          <testName>putuserreview_apps</testName>
          <skipped>false</skipped>
          <failedSince>0</failedSince>
        </case>
        <case>
          <duration>0.117</duration>
          <className>test.TcPut.put_userreview_web</className>
          <testName>putuserreview_apps</testName>
          <skipped>false</skipped>
          <failedSince>0</failedSince>
        </case>
        <case>
          <duration>0.116</duration>
          <className>test.TcTalkGet.get_popularGroup</className>
          <testName>getpopularGroup</testName>
          <skipped>false</skipped>
          <failedSince>0</failedSince>
        </case>
        <case>
          <duration>0.087</duration>
          <className>test.TcTalkGet.get_recenttalk</className>
          <testName>getrecentalk_web</testName>
          <skipped>false</skipped>
          <failedSince>0</failedSince>
        </case>
      </cases>
    </suite>
  </suites>
  <duration>17.153</duration>
  <keepLongStdio>false</keepLongStdio>
</result>